mode: set
chatInteractionService/cmd/api/routes/main.go:16.13,17.102 1 0
chatInteractionService/cmd/api/routes/main.go:17.102,19.3 1 0
chatInteractionService/cmd/api/routes/main.go:21.2,21.130 1 0
chatInteractionService/cmd/api/routes/main.go:21.130,23.3 1 0
chatInteractionService/cmd/api/routes/main.go:25.2,28.58 3 0
chatInteractionService/cmd/api/routes/main.go:28.58,30.3 1 0
chatInteractionService/cmd/api/routes/internal/middleware/auth.go:71.13,74.16 3 1
chatInteractionService/cmd/api/routes/internal/middleware/auth.go:74.16,76.3 1 0
chatInteractionService/cmd/api/routes/internal/middleware/auth.go:79.277,81.71 2 1
chatInteractionService/cmd/api/routes/internal/middleware/auth.go:81.71,83.23 2 1
chatInteractionService/cmd/api/routes/internal/middleware/auth.go:83.23,86.4 2 1
chatInteractionService/cmd/api/routes/internal/middleware/auth.go:88.3,91.17 3 1
chatInteractionService/cmd/api/routes/internal/middleware/auth.go:91.17,95.4 3 1
chatInteractionService/cmd/api/routes/internal/middleware/auth.go:96.3,99.17 3 1
chatInteractionService/cmd/api/routes/internal/middleware/auth.go:99.17,102.4 2 1
chatInteractionService/cmd/api/routes/internal/middleware/auth.go:104.3,105.23 2 1
chatInteractionService/cmd/api/routes/internal/helpers/ecTwoHelper.go:19.92,28.16 4 1
chatInteractionService/cmd/api/routes/internal/helpers/ecTwoHelper.go:28.16,31.3 2 1
chatInteractionService/cmd/api/routes/internal/helpers/ecTwoHelper.go:33.2,33.81 1 1
chatInteractionService/cmd/api/routes/internal/helpers/ecTwoHelper.go:33.81,36.3 2 1
chatInteractionService/cmd/api/routes/internal/helpers/ecTwoHelper.go:39.2,39.64 1 1
chatInteractionService/cmd/api/routes/internal/helpers/ecTwoHelper.go:39.64,42.3 2 1
chatInteractionService/cmd/api/routes/internal/helpers/ecTwoHelper.go:45.2,46.29 2 1
chatInteractionService/cmd/api/routes/internal/helpers/ecTwoHelper.go:52.110,54.2 1 1
chatInteractionService/cmd/api/routes/internal/helpers/ecTwoHelper.go:57.79,59.16 2 1
chatInteractionService/cmd/api/routes/internal/helpers/ecTwoHelper.go:59.16,61.3 1 1
chatInteractionService/cmd/api/routes/internal/helpers/ecTwoHelper.go:62.2,62.36 1 1
chatInteractionService/cmd/api/routes/internal/helpers/jwt.go:17.50,20.20 3 1
chatInteractionService/cmd/api/routes/internal/helpers/jwt.go:20.20,22.3 1 1
chatInteractionService/cmd/api/routes/internal/helpers/jwt.go:24.2,25.16 2 1
chatInteractionService/cmd/api/routes/internal/helpers/jwt.go:25.16,27.3 1 1
chatInteractionService/cmd/api/routes/internal/helpers/jwt.go:29.2,30.16 2 1
chatInteractionService/cmd/api/routes/internal/helpers/jwt.go:30.16,32.3 1 1
chatInteractionService/cmd/api/routes/internal/helpers/jwt.go:34.2,34.21 1 1
chatInteractionService/cmd/api/routes/internal/helpers/kafka.go:20.124,25.2 1 1
chatInteractionService/cmd/api/routes/internal/helpers/kafka.go:27.92,29.16 2 0
chatInteractionService/cmd/api/routes/internal/helpers/kafka.go:29.16,31.3 1 0
chatInteractionService/cmd/api/routes/internal/helpers/kafka.go:32.2,32.19 1 0
chatInteractionService/cmd/api/routes/internal/helpers/kafka.go:36.65,41.2 1 1
chatInteractionService/cmd/api/routes/internal/helpers/kafka.go:44.142,47.16 2 1
chatInteractionService/cmd/api/routes/internal/helpers/kafka.go:47.16,49.3 1 1
chatInteractionService/cmd/api/routes/internal/helpers/kafka.go:51.2,52.16 2 1
chatInteractionService/cmd/api/routes/internal/helpers/kafka.go:52.16,54.3 1 1
chatInteractionService/cmd/api/routes/internal/helpers/kafka.go:56.2,64.16 5 1
chatInteractionService/cmd/api/routes/internal/helpers/kafka.go:64.16,66.3 1 1
chatInteractionService/cmd/api/routes/internal/helpers/kafka.go:69.2,71.16 2 1
chatInteractionService/cmd/api/routes/internal/helpers/kafka.go:71.16,72.99 1 1
chatInteractionService/cmd/api/routes/internal/helpers/kafka.go:72.99,74.4 1 0
chatInteractionService/cmd/api/routes/internal/helpers/kafka.go:74.9,76.4 1 1
chatInteractionService/cmd/api/routes/internal/helpers/kafka.go:78.2,87.16 4 1
chatInteractionService/cmd/api/routes/internal/helpers/kafka.go:87.16,89.3 1 1
chatInteractionService/cmd/api/routes/internal/helpers/kafka.go:90.2,94.16 3 1
chatInteractionService/cmd/api/routes/internal/helpers/kafka.go:94.16,96.3 1 1
chatInteractionService/cmd/api/routes/internal/helpers/kafka.go:98.2,99.12 2 1
chatInteractionService/cmd/api/routes/internal/helpers/secretsManagerHelper.go:20.13,23.16 3 1
chatInteractionService/cmd/api/routes/internal/helpers/secretsManagerHelper.go:23.16,25.3 1 0
chatInteractionService/cmd/api/routes/internal/helpers/secretsManagerHelper.go:28.80,34.16 3 1
chatInteractionService/cmd/api/routes/internal/helpers/secretsManagerHelper.go:34.16,36.3 1 1
chatInteractionService/cmd/api/routes/internal/helpers/secretsManagerHelper.go:38.2,38.32 1 1
chatInteractionService/cmd/api/routes/internal/helpers/secretsManagerHelper.go:38.32,40.3 1 1
chatInteractionService/cmd/api/routes/internal/helpers/secretsManagerHelper.go:42.2,42.47 1 1
chatInteractionService/cmd/api/routes/internal/helpers/secretsManagerHelper.go:45.96,47.16 2 1
chatInteractionService/cmd/api/routes/internal/helpers/secretsManagerHelper.go:47.16,49.3 1 1
chatInteractionService/cmd/api/routes/internal/helpers/secretsManagerHelper.go:51.2,53.16 3 1
chatInteractionService/cmd/api/routes/internal/helpers/secretsManagerHelper.go:53.16,55.3 1 1
chatInteractionService/cmd/api/routes/internal/helpers/secretsManagerHelper.go:57.2,58.9 2 1
chatInteractionService/cmd/api/routes/internal/helpers/secretsManagerHelper.go:58.9,60.3 1 1
chatInteractionService/cmd/api/routes/internal/helpers/secretsManagerHelper.go:62.2,63.9 2 1
chatInteractionService/cmd/api/routes/internal/helpers/secretsManagerHelper.go:63.9,65.3 1 1
chatInteractionService/cmd/api/routes/internal/helpers/secretsManagerHelper.go:67.2,68.9 2 1
chatInteractionService/cmd/api/routes/internal/helpers/secretsManagerHelper.go:68.9,70.3 1 1
chatInteractionService/cmd/api/routes/internal/helpers/secretsManagerHelper.go:72.2,73.9 2 1
chatInteractionService/cmd/api/routes/internal/helpers/secretsManagerHelper.go:73.9,75.3 1 1
chatInteractionService/cmd/api/routes/internal/helpers/secretsManagerHelper.go:77.2,78.9 2 1
chatInteractionService/cmd/api/routes/internal/helpers/secretsManagerHelper.go:78.9,80.3 1 1
chatInteractionService/cmd/api/routes/internal/helpers/secretsManagerHelper.go:82.2,82.57 1 1
chatInteractionService/cmd/api/routes/internal/handlers/handlers.go:25.13,28.16 3 1
chatInteractionService/cmd/api/routes/internal/handlers/handlers.go:28.16,30.3 1 0
chatInteractionService/cmd/api/routes/internal/handlers/handlers.go:34.79,43.2 5 1
chatInteractionService/cmd/api/routes/internal/handlers/handlers.go:46.65,54.16 6 1
chatInteractionService/cmd/api/routes/internal/handlers/handlers.go:54.16,58.3 3 0
chatInteractionService/cmd/api/routes/internal/handlers/handlers.go:59.2,62.24 3 1
chatInteractionService/cmd/api/routes/internal/handlers/handlers.go:62.24,64.17 2 1
chatInteractionService/cmd/api/routes/internal/handlers/handlers.go:64.17,68.18 3 1
chatInteractionService/cmd/api/routes/internal/handlers/handlers.go:68.18,70.19 2 1
chatInteractionService/cmd/api/routes/internal/handlers/handlers.go:70.19,74.30 3 1
chatInteractionService/cmd/api/routes/internal/handlers/handlers.go:74.30,75.37 1 1
chatInteractionService/cmd/api/routes/internal/handlers/handlers.go:75.37,77.22 2 0
chatInteractionService/cmd/api/routes/internal/handlers/handlers.go:77.22,81.9 3 0
chatInteractionService/cmd/api/routes/internal/handlers/handlers.go:81.14,85.9 3 0
chatInteractionService/cmd/api/routes/internal/handlers/handlers.go:86.13,90.8 3 1
chatInteractionService/cmd/api/routes/internal/handlers/handlers.go:91.12,95.7 3 1
chatInteractionService/cmd/api/routes/internal/handlers/handlers.go:96.11,100.6 3 1
chatInteractionService/cmd/api/routes/internal/handlers/handlers.go:101.10,105.5 3 1
chatInteractionService/cmd/api/routes/internal/handlers/handlers.go:106.9,110.4 3 1
chatInteractionService/cmd/api/routes/internal/handlers/handlers.go:111.8,115.3 3 1
