mode: set
chatInteractionService/cmd/api/routes/main.go:37.13,42.58 3 0
chatInteractionService/cmd/api/routes/main.go:42.58,44.3 1 0
chatInteractionService/cmd/api/routes/internal/middleware/auth.go:77.13,80.16 3 1
chatInteractionService/cmd/api/routes/internal/middleware/auth.go:80.16,82.3 1 0
chatInteractionService/cmd/api/routes/internal/middleware/auth.go:85.151,87.71 2 1
chatInteractionService/cmd/api/routes/internal/middleware/auth.go:87.71,89.23 2 1
chatInteractionService/cmd/api/routes/internal/middleware/auth.go:89.23,92.4 2 1
chatInteractionService/cmd/api/routes/internal/middleware/auth.go:94.3,97.17 3 1
chatInteractionService/cmd/api/routes/internal/middleware/auth.go:97.17,101.4 3 1
chatInteractionService/cmd/api/routes/internal/middleware/auth.go:102.3,105.17 3 0
chatInteractionService/cmd/api/routes/internal/middleware/auth.go:105.17,108.4 2 0
chatInteractionService/cmd/api/routes/internal/middleware/auth.go:110.3,111.23 2 0
chatInteractionService/cmd/api/routes/internal/helpers/ecTwoHelper.go:133.92,142.16 4 1
chatInteractionService/cmd/api/routes/internal/helpers/ecTwoHelper.go:142.16,145.3 2 1
chatInteractionService/cmd/api/routes/internal/helpers/ecTwoHelper.go:147.2,147.81 1 1
chatInteractionService/cmd/api/routes/internal/helpers/ecTwoHelper.go:147.81,150.3 2 1
chatInteractionService/cmd/api/routes/internal/helpers/ecTwoHelper.go:153.2,153.64 1 1
chatInteractionService/cmd/api/routes/internal/helpers/ecTwoHelper.go:153.64,156.3 2 1
chatInteractionService/cmd/api/routes/internal/helpers/ecTwoHelper.go:159.2,160.29 2 1
chatInteractionService/cmd/api/routes/internal/helpers/ecTwoHelper.go:166.110,168.2 1 1
chatInteractionService/cmd/api/routes/internal/helpers/ecTwoHelper.go:171.79,173.16 2 1
chatInteractionService/cmd/api/routes/internal/helpers/ecTwoHelper.go:173.16,175.3 1 1
chatInteractionService/cmd/api/routes/internal/helpers/ecTwoHelper.go:176.2,176.36 1 1
chatInteractionService/cmd/api/routes/internal/helpers/jwt.go:17.50,20.20 3 1
chatInteractionService/cmd/api/routes/internal/helpers/jwt.go:20.20,22.3 1 1
chatInteractionService/cmd/api/routes/internal/helpers/jwt.go:24.2,25.16 2 1
chatInteractionService/cmd/api/routes/internal/helpers/jwt.go:25.16,27.3 1 1
chatInteractionService/cmd/api/routes/internal/helpers/jwt.go:29.2,30.16 2 1
chatInteractionService/cmd/api/routes/internal/helpers/jwt.go:30.16,32.3 1 1
chatInteractionService/cmd/api/routes/internal/helpers/jwt.go:34.2,34.21 1 1
chatInteractionService/cmd/api/routes/internal/helpers/kafka.go:209.124,214.2 1 0
chatInteractionService/cmd/api/routes/internal/helpers/kafka.go:217.79,219.16 2 0
chatInteractionService/cmd/api/routes/internal/helpers/kafka.go:219.16,221.3 1 0
chatInteractionService/cmd/api/routes/internal/helpers/kafka.go:222.2,229.16 3 0
chatInteractionService/cmd/api/routes/internal/helpers/kafka.go:229.16,230.99 1 0
chatInteractionService/cmd/api/routes/internal/helpers/kafka.go:230.99,233.4 2 0
chatInteractionService/cmd/api/routes/internal/helpers/kafka.go:234.3,234.61 1 0
chatInteractionService/cmd/api/routes/internal/helpers/kafka.go:237.2,238.12 2 0
chatInteractionService/cmd/api/routes/internal/helpers/kafka.go:242.142,245.16 2 1
chatInteractionService/cmd/api/routes/internal/helpers/kafka.go:245.16,247.3 1 1
chatInteractionService/cmd/api/routes/internal/helpers/kafka.go:249.2,250.16 2 1
chatInteractionService/cmd/api/routes/internal/helpers/kafka.go:250.16,252.3 1 1
chatInteractionService/cmd/api/routes/internal/helpers/kafka.go:254.2,263.16 5 1
chatInteractionService/cmd/api/routes/internal/helpers/kafka.go:263.16,265.3 1 1
chatInteractionService/cmd/api/routes/internal/helpers/kafka.go:268.2,272.16 3 1
chatInteractionService/cmd/api/routes/internal/helpers/kafka.go:272.16,274.3 1 1
chatInteractionService/cmd/api/routes/internal/helpers/kafka.go:275.2,279.16 3 0
chatInteractionService/cmd/api/routes/internal/helpers/kafka.go:279.16,281.3 1 0
chatInteractionService/cmd/api/routes/internal/helpers/kafka.go:283.2,284.12 2 0
chatInteractionService/cmd/api/routes/internal/helpers/secretsManagerHelper.go:117.13,120.16 3 1
chatInteractionService/cmd/api/routes/internal/helpers/secretsManagerHelper.go:120.16,122.3 1 0
chatInteractionService/cmd/api/routes/internal/helpers/secretsManagerHelper.go:125.80,131.16 3 1
chatInteractionService/cmd/api/routes/internal/helpers/secretsManagerHelper.go:131.16,133.3 1 1
chatInteractionService/cmd/api/routes/internal/helpers/secretsManagerHelper.go:135.2,135.32 1 1
chatInteractionService/cmd/api/routes/internal/helpers/secretsManagerHelper.go:135.32,137.3 1 1
chatInteractionService/cmd/api/routes/internal/helpers/secretsManagerHelper.go:139.2,139.47 1 1
chatInteractionService/cmd/api/routes/internal/helpers/secretsManagerHelper.go:142.96,144.16 2 1
chatInteractionService/cmd/api/routes/internal/helpers/secretsManagerHelper.go:144.16,146.3 1 1
chatInteractionService/cmd/api/routes/internal/helpers/secretsManagerHelper.go:148.2,150.16 3 1
chatInteractionService/cmd/api/routes/internal/helpers/secretsManagerHelper.go:150.16,152.3 1 1
chatInteractionService/cmd/api/routes/internal/helpers/secretsManagerHelper.go:154.2,155.9 2 1
chatInteractionService/cmd/api/routes/internal/helpers/secretsManagerHelper.go:155.9,157.3 1 1
chatInteractionService/cmd/api/routes/internal/helpers/secretsManagerHelper.go:159.2,160.9 2 1
chatInteractionService/cmd/api/routes/internal/helpers/secretsManagerHelper.go:160.9,162.3 1 1
chatInteractionService/cmd/api/routes/internal/helpers/secretsManagerHelper.go:164.2,165.9 2 1
chatInteractionService/cmd/api/routes/internal/helpers/secretsManagerHelper.go:165.9,167.3 1 1
chatInteractionService/cmd/api/routes/internal/helpers/secretsManagerHelper.go:169.2,170.9 2 1
chatInteractionService/cmd/api/routes/internal/helpers/secretsManagerHelper.go:170.9,172.3 1 1
chatInteractionService/cmd/api/routes/internal/helpers/secretsManagerHelper.go:174.2,175.9 2 1
chatInteractionService/cmd/api/routes/internal/helpers/secretsManagerHelper.go:175.9,177.3 1 1
chatInteractionService/cmd/api/routes/internal/helpers/secretsManagerHelper.go:179.2,179.57 1 1
chatInteractionService/cmd/api/routes/internal/handlers/handlers.go:364.13,367.16 3 1
chatInteractionService/cmd/api/routes/internal/handlers/handlers.go:367.16,369.3 1 0
chatInteractionService/cmd/api/routes/internal/handlers/handlers.go:373.79,382.2 5 1
chatInteractionService/cmd/api/routes/internal/handlers/handlers.go:385.65,393.16 6 1
chatInteractionService/cmd/api/routes/internal/handlers/handlers.go:393.16,397.3 3 0
chatInteractionService/cmd/api/routes/internal/handlers/handlers.go:398.2,401.24 3 1
chatInteractionService/cmd/api/routes/internal/handlers/handlers.go:401.24,403.17 2 1
chatInteractionService/cmd/api/routes/internal/handlers/handlers.go:403.17,407.18 3 1
chatInteractionService/cmd/api/routes/internal/handlers/handlers.go:407.18,409.19 2 1
chatInteractionService/cmd/api/routes/internal/handlers/handlers.go:409.19,413.30 3 1
chatInteractionService/cmd/api/routes/internal/handlers/handlers.go:413.30,414.37 1 1
chatInteractionService/cmd/api/routes/internal/handlers/handlers.go:414.37,416.22 2 1
chatInteractionService/cmd/api/routes/internal/handlers/handlers.go:416.22,420.9 3 1
chatInteractionService/cmd/api/routes/internal/handlers/handlers.go:420.14,424.9 3 0
chatInteractionService/cmd/api/routes/internal/handlers/handlers.go:425.13,429.8 3 1
chatInteractionService/cmd/api/routes/internal/handlers/handlers.go:430.12,434.7 3 1
chatInteractionService/cmd/api/routes/internal/handlers/handlers.go:435.11,439.6 3 1
chatInteractionService/cmd/api/routes/internal/handlers/handlers.go:440.10,444.5 3 1
chatInteractionService/cmd/api/routes/internal/handlers/handlers.go:445.9,449.4 3 1
chatInteractionService/cmd/api/routes/internal/handlers/handlers.go:450.8,454.3 3 1
